mode: set
rumah_resep/api/controllers/auth/auth.go:37.68,41.2 1 1
rumah_resep/api/controllers/auth/auth.go:43.80,49.24 4 1
rumah_resep/api/controllers/auth/auth.go:57.2,67.126 2 1
rumah_resep/api/controllers/auth/auth.go:75.2,76.16 2 1
rumah_resep/api/controllers/auth/auth.go:84.2,88.4 1 1
rumah_resep/api/controllers/auth/auth.go:49.24,55.3 1 1
rumah_resep/api/controllers/auth/auth.go:67.126,73.3 1 1
rumah_resep/api/controllers/auth/auth.go:76.16,82.3 1 0
rumah_resep/api/controllers/auth/auth.go:91.77,97.16 4 1
rumah_resep/api/controllers/auth/auth.go:105.2,110.4 1 1
rumah_resep/api/controllers/auth/auth.go:97.16,103.3 1 1
rumah_resep/api/controllers/cartDetails/cartDetails.go:21.250,29.2 1 1
rumah_resep/api/controllers/cartDetails/cartDetails.go:31.95,33.24 2 1
rumah_resep/api/controllers/cartDetails/cartDetails.go:41.2,44.16 3 1
rumah_resep/api/controllers/cartDetails/cartDetails.go:52.2,57.4 1 1
rumah_resep/api/controllers/cartDetails/cartDetails.go:33.24,39.3 1 1
rumah_resep/api/controllers/cartDetails/cartDetails.go:44.16,50.3 1 0
rumah_resep/api/controllers/cartDetails/cartDetails.go:60.90,63.24 2 1
rumah_resep/api/controllers/cartDetails/cartDetails.go:72.2,83.44 7 1
rumah_resep/api/controllers/cartDetails/cartDetails.go:89.2,96.66 2 1
rumah_resep/api/controllers/cartDetails/cartDetails.go:104.2,105.16 2 1
rumah_resep/api/controllers/cartDetails/cartDetails.go:113.2,118.4 1 1
rumah_resep/api/controllers/cartDetails/cartDetails.go:63.24,69.3 1 1
rumah_resep/api/controllers/cartDetails/cartDetails.go:83.44,86.3 2 1
rumah_resep/api/controllers/cartDetails/cartDetails.go:96.66,102.3 1 1
rumah_resep/api/controllers/cartDetails/cartDetails.go:105.16,111.3 1 0
rumah_resep/api/controllers/cartDetails/cartDetails.go:121.94,124.24 2 1
rumah_resep/api/controllers/cartDetails/cartDetails.go:133.2,139.16 5 1
rumah_resep/api/controllers/cartDetails/cartDetails.go:146.2,153.44 6 1
rumah_resep/api/controllers/cartDetails/cartDetails.go:158.2,166.34 3 1
rumah_resep/api/controllers/cartDetails/cartDetails.go:174.2,175.16 2 1
rumah_resep/api/controllers/cartDetails/cartDetails.go:183.2,188.4 1 1
rumah_resep/api/controllers/cartDetails/cartDetails.go:124.24,130.3 1 1
rumah_resep/api/controllers/cartDetails/cartDetails.go:139.16,145.3 1 1
rumah_resep/api/controllers/cartDetails/cartDetails.go:153.44,156.3 2 1
rumah_resep/api/controllers/cartDetails/cartDetails.go:166.34,172.3 1 1
rumah_resep/api/controllers/cartDetails/cartDetails.go:175.16,181.3 1 0
rumah_resep/api/controllers/cartDetails/cartDetails.go:191.95,194.24 2 1
rumah_resep/api/controllers/cartDetails/cartDetails.go:211.2,212.16 2 1
rumah_resep/api/controllers/cartDetails/cartDetails.go:220.2,221.16 2 1
rumah_resep/api/controllers/cartDetails/cartDetails.go:229.2,234.4 1 1
rumah_resep/api/controllers/cartDetails/cartDetails.go:194.24,200.3 1 1
rumah_resep/api/controllers/cartDetails/cartDetails.go:212.16,218.3 1 1
rumah_resep/api/controllers/cartDetails/cartDetails.go:221.16,227.3 1 1
rumah_resep/api/controllers/carts/carts.go:15.68,19.2 1 1
rumah_resep/api/controllers/carts/carts.go:21.78,29.24 4 1
rumah_resep/api/controllers/carts/carts.go:38.2,43.16 3 1
rumah_resep/api/controllers/carts/carts.go:51.2,55.4 1 1
rumah_resep/api/controllers/carts/carts.go:29.24,35.3 1 1
rumah_resep/api/controllers/carts/carts.go:43.16,49.3 1 0
rumah_resep/api/controllers/categories/category.go:32.84,36.2 1 1
rumah_resep/api/controllers/categories/category.go:38.86,41.21 2 1
rumah_resep/api/controllers/categories/category.go:49.2,50.16 2 1
rumah_resep/api/controllers/categories/category.go:58.2,63.4 1 1
rumah_resep/api/controllers/categories/category.go:41.21,47.3 1 1
rumah_resep/api/controllers/categories/category.go:50.16,56.3 1 0
rumah_resep/api/controllers/categories/category.go:66.83,69.21 2 1
rumah_resep/api/controllers/categories/category.go:77.2,78.16 2 1
rumah_resep/api/controllers/categories/category.go:86.2,87.16 2 1
rumah_resep/api/controllers/categories/category.go:95.2,100.4 1 1
rumah_resep/api/controllers/categories/category.go:69.21,75.3 1 1
rumah_resep/api/controllers/categories/category.go:78.16,84.3 1 1
rumah_resep/api/controllers/categories/category.go:87.16,93.3 1 1
rumah_resep/api/controllers/categories/category.go:103.86,106.21 2 1
rumah_resep/api/controllers/categories/category.go:114.2,121.25 4 1
rumah_resep/api/controllers/categories/category.go:129.2,130.16 2 1
rumah_resep/api/controllers/categories/category.go:138.2,143.4 1 1
rumah_resep/api/controllers/categories/category.go:106.21,112.3 1 1
rumah_resep/api/controllers/categories/category.go:121.25,127.3 1 1
rumah_resep/api/controllers/categories/category.go:130.16,136.3 1 0
rumah_resep/api/controllers/categories/category.go:146.84,149.21 2 1
rumah_resep/api/controllers/categories/category.go:157.2,158.16 2 1
rumah_resep/api/controllers/categories/category.go:166.2,173.25 4 1
rumah_resep/api/controllers/categories/category.go:181.2,182.16 2 1
rumah_resep/api/controllers/categories/category.go:190.2,195.4 1 1
rumah_resep/api/controllers/categories/category.go:149.21,155.3 1 1
rumah_resep/api/controllers/categories/category.go:158.16,164.3 1 1
rumah_resep/api/controllers/categories/category.go:173.25,179.3 1 1
rumah_resep/api/controllers/categories/category.go:182.16,188.3 1 1
rumah_resep/api/controllers/categories/category.go:198.86,201.21 2 1
rumah_resep/api/controllers/categories/category.go:209.2,210.16 2 1
rumah_resep/api/controllers/categories/category.go:218.2,218.63 1 1
rumah_resep/api/controllers/categories/category.go:226.2,230.4 1 1
rumah_resep/api/controllers/categories/category.go:201.21,207.3 1 1
rumah_resep/api/controllers/categories/category.go:210.16,216.3 1 1
rumah_resep/api/controllers/categories/category.go:218.63,224.3 1 1
rumah_resep/api/controllers/checkouts/checkouts.go:19.167,25.2 1 1
rumah_resep/api/controllers/checkouts/checkouts.go:27.86,30.32 3 1
rumah_resep/api/controllers/checkouts/checkouts.go:42.2,43.24 2 1
rumah_resep/api/controllers/checkouts/checkouts.go:51.2,53.16 3 1
rumah_resep/api/controllers/checkouts/checkouts.go:61.2,61.29 1 1
rumah_resep/api/controllers/checkouts/checkouts.go:71.2,71.29 1 1
rumah_resep/api/controllers/checkouts/checkouts.go:90.2,95.4 1 1
rumah_resep/api/controllers/checkouts/checkouts.go:30.32,32.17 2 1
rumah_resep/api/controllers/checkouts/checkouts.go:39.3,39.37 1 1
rumah_resep/api/controllers/checkouts/checkouts.go:32.17,38.4 1 1
rumah_resep/api/controllers/checkouts/checkouts.go:43.24,49.3 1 1
rumah_resep/api/controllers/checkouts/checkouts.go:53.16,59.3 1 0
rumah_resep/api/controllers/checkouts/checkouts.go:61.29,62.102 1 1
rumah_resep/api/controllers/checkouts/checkouts.go:62.102,68.4 1 0
rumah_resep/api/controllers/checkouts/checkouts.go:71.29,73.17 2 1
rumah_resep/api/controllers/checkouts/checkouts.go:80.3,81.17 2 1
rumah_resep/api/controllers/checkouts/checkouts.go:73.17,79.4 1 0
rumah_resep/api/controllers/checkouts/checkouts.go:81.17,87.4 1 0
rumah_resep/api/controllers/ingredients/ingredient.go:34.92,38.2 1 1
rumah_resep/api/controllers/ingredients/ingredient.go:40.90,43.21 2 1
rumah_resep/api/controllers/ingredients/ingredient.go:51.2,52.16 2 1
rumah_resep/api/controllers/ingredients/ingredient.go:60.2,65.4 1 1
rumah_resep/api/controllers/ingredients/ingredient.go:43.21,49.3 1 1
rumah_resep/api/controllers/ingredients/ingredient.go:52.16,58.3 1 0
rumah_resep/api/controllers/ingredients/ingredient.go:68.91,71.21 2 1
rumah_resep/api/controllers/ingredients/ingredient.go:79.2,80.16 2 1
rumah_resep/api/controllers/ingredients/ingredient.go:88.2,89.16 2 1
rumah_resep/api/controllers/ingredients/ingredient.go:97.2,102.4 1 1
rumah_resep/api/controllers/ingredients/ingredient.go:71.21,77.3 1 1
rumah_resep/api/controllers/ingredients/ingredient.go:80.16,86.3 1 1
rumah_resep/api/controllers/ingredients/ingredient.go:89.16,95.3 1 1
rumah_resep/api/controllers/ingredients/ingredient.go:105.90,108.21 2 1
rumah_resep/api/controllers/ingredients/ingredient.go:116.2,124.51 4 1
rumah_resep/api/controllers/ingredients/ingredient.go:132.2,133.16 2 1
rumah_resep/api/controllers/ingredients/ingredient.go:141.2,146.4 1 1
rumah_resep/api/controllers/ingredients/ingredient.go:108.21,114.3 1 1
rumah_resep/api/controllers/ingredients/ingredient.go:124.51,130.3 1 1
rumah_resep/api/controllers/ingredients/ingredient.go:133.16,139.3 1 0
rumah_resep/api/controllers/ingredients/ingredient.go:149.90,152.21 2 1
rumah_resep/api/controllers/ingredients/ingredient.go:160.2,161.16 2 1
rumah_resep/api/controllers/ingredients/ingredient.go:169.2,177.51 4 1
rumah_resep/api/controllers/ingredients/ingredient.go:185.2,186.16 2 1
rumah_resep/api/controllers/ingredients/ingredient.go:193.2,198.4 1 1
rumah_resep/api/controllers/ingredients/ingredient.go:152.21,158.3 1 1
rumah_resep/api/controllers/ingredients/ingredient.go:161.16,167.3 1 1
rumah_resep/api/controllers/ingredients/ingredient.go:177.51,183.3 1 1
rumah_resep/api/controllers/ingredients/ingredient.go:186.16,192.3 1 1
rumah_resep/api/controllers/ingredients/ingredient.go:201.90,204.21 2 1
rumah_resep/api/controllers/ingredients/ingredient.go:212.2,213.16 2 1
rumah_resep/api/controllers/ingredients/ingredient.go:221.2,221.75 1 1
rumah_resep/api/controllers/ingredients/ingredient.go:229.2,233.4 1 1
rumah_resep/api/controllers/ingredients/ingredient.go:204.21,210.3 1 1
rumah_resep/api/controllers/ingredients/ingredient.go:213.16,219.3 1 1
rumah_resep/api/controllers/ingredients/ingredient.go:221.75,227.3 1 1
rumah_resep/api/controllers/location/location.go:43.55,45.2 1 1
rumah_resep/api/controllers/location/location.go:80.54,86.16 3 1
rumah_resep/api/controllers/location/location.go:92.2,97.16 3 1
rumah_resep/api/controllers/location/location.go:103.2,107.16 3 1
rumah_resep/api/controllers/location/location.go:113.2,113.45 1 1
rumah_resep/api/controllers/location/location.go:135.2,135.21 1 1
rumah_resep/api/controllers/location/location.go:86.16,88.3 1 0
rumah_resep/api/controllers/location/location.go:97.16,99.3 1 0
rumah_resep/api/controllers/location/location.go:107.16,109.3 1 0
rumah_resep/api/controllers/location/location.go:113.45,115.42 1 1
rumah_resep/api/controllers/location/location.go:116.23,118.9 2 0
rumah_resep/api/controllers/location/location.go:119.27,121.9 2 0
rumah_resep/api/controllers/location/location.go:122.25,124.9 2 0
rumah_resep/api/controllers/location/location.go:125.26,127.9 2 1
rumah_resep/api/controllers/location/location.go:128.24,130.9 2 0
rumah_resep/api/controllers/location/location.go:131.11,132.9 1 0
rumah_resep/api/controllers/location/location.go:140.50,149.46 4 1
rumah_resep/api/controllers/location/location.go:154.2,155.16 2 1
rumah_resep/api/controllers/location/location.go:161.2,164.22 3 1
rumah_resep/api/controllers/location/location.go:149.46,151.3 1 1
rumah_resep/api/controllers/location/location.go:155.16,158.3 2 1
rumah_resep/api/controllers/location/location.go:167.69,171.16 4 1
rumah_resep/api/controllers/location/location.go:174.2,176.16 3 1
rumah_resep/api/controllers/location/location.go:180.2,182.16 3 1
rumah_resep/api/controllers/location/location.go:185.2,186.17 2 1
rumah_resep/api/controllers/location/location.go:189.2,189.20 1 1
rumah_resep/api/controllers/location/location.go:192.2,193.17 2 1
rumah_resep/api/controllers/location/location.go:196.2,197.17 2 1
rumah_resep/api/controllers/location/location.go:200.2,200.24 1 1
rumah_resep/api/controllers/location/location.go:203.2,204.17 2 1
rumah_resep/api/controllers/location/location.go:207.2,208.17 2 1
rumah_resep/api/controllers/location/location.go:211.2,211.30 1 1
rumah_resep/api/controllers/location/location.go:214.2,214.20 1 1
rumah_resep/api/controllers/location/location.go:217.2,218.17 2 1
rumah_resep/api/controllers/location/location.go:221.2,222.17 2 1
rumah_resep/api/controllers/location/location.go:226.2,226.26 1 1
rumah_resep/api/controllers/location/location.go:171.16,173.3 1 0
rumah_resep/api/controllers/location/location.go:176.16,178.3 1 0
rumah_resep/api/controllers/location/location.go:182.16,184.3 1 0
rumah_resep/api/controllers/location/location.go:186.17,188.3 1 0
rumah_resep/api/controllers/location/location.go:189.20,191.3 1 0
rumah_resep/api/controllers/location/location.go:193.17,195.3 1 0
rumah_resep/api/controllers/location/location.go:197.17,199.3 1 0
rumah_resep/api/controllers/location/location.go:200.24,202.3 1 0
rumah_resep/api/controllers/location/location.go:204.17,206.3 1 0
rumah_resep/api/controllers/location/location.go:208.17,210.3 1 0
rumah_resep/api/controllers/location/location.go:211.30,213.3 1 0
rumah_resep/api/controllers/location/location.go:214.20,216.3 1 1
rumah_resep/api/controllers/location/location.go:218.17,220.3 1 0
rumah_resep/api/controllers/location/location.go:222.17,224.3 1 0
rumah_resep/api/controllers/midtrans/midtrans.go:15.90,19.2 1 1
rumah_resep/api/controllers/midtrans/midtrans.go:21.76,27.16 4 1
rumah_resep/api/controllers/midtrans/midtrans.go:34.2,39.4 1 1
rumah_resep/api/controllers/midtrans/midtrans.go:27.16,33.3 1 1
rumah_resep/api/controllers/midtrans/midtrans.go:42.75,45.16 3 1
rumah_resep/api/controllers/midtrans/midtrans.go:52.2,57.4 1 1
rumah_resep/api/controllers/midtrans/midtrans.go:45.16,51.3 1 0
rumah_resep/api/controllers/recipeIngredients/recipeIngredients.go:18.192,24.2 1 1
rumah_resep/api/controllers/recipeIngredients/recipeIngredients.go:26.101,28.21 2 1
rumah_resep/api/controllers/recipeIngredients/recipeIngredients.go:36.2,45.101 4 1
rumah_resep/api/controllers/recipeIngredients/recipeIngredients.go:53.2,54.16 2 1
rumah_resep/api/controllers/recipeIngredients/recipeIngredients.go:62.2,67.4 1 1
rumah_resep/api/controllers/recipeIngredients/recipeIngredients.go:28.21,34.3 1 1
rumah_resep/api/controllers/recipeIngredients/recipeIngredients.go:45.101,51.3 1 1
rumah_resep/api/controllers/recipeIngredients/recipeIngredients.go:54.16,60.3 1 0
rumah_resep/api/controllers/recipeIngredients/recipeIngredients.go:71.105,74.16 3 1
rumah_resep/api/controllers/recipeIngredients/recipeIngredients.go:82.2,87.4 1 1
rumah_resep/api/controllers/recipeIngredients/recipeIngredients.go:74.16,80.3 1 1
rumah_resep/api/controllers/recipesCategories/recipesCategories.go:22.67,28.2 1 1
rumah_resep/api/controllers/recipesCategories/recipesCategories.go:30.100,32.21 2 1
rumah_resep/api/controllers/recipesCategories/recipesCategories.go:40.2,48.64 4 1
rumah_resep/api/controllers/recipesCategories/recipesCategories.go:56.2,57.16 2 1
rumah_resep/api/controllers/recipesCategories/recipesCategories.go:65.2,70.4 1 1
rumah_resep/api/controllers/recipesCategories/recipesCategories.go:32.21,38.3 1 1
rumah_resep/api/controllers/recipesCategories/recipesCategories.go:48.64,54.3 1 1
rumah_resep/api/controllers/recipesCategories/recipesCategories.go:57.16,63.3 1 0
rumah_resep/api/controllers/recipesCategories/recipesCategories.go:74.102,77.31 3 1
rumah_resep/api/controllers/recipesCategories/recipesCategories.go:88.2,89.16 2 1
rumah_resep/api/controllers/recipesCategories/recipesCategories.go:96.2,101.4 1 1
rumah_resep/api/controllers/recipesCategories/recipesCategories.go:77.31,79.17 2 1
rumah_resep/api/controllers/recipesCategories/recipesCategories.go:86.3,86.45 1 1
rumah_resep/api/controllers/recipesCategories/recipesCategories.go:79.17,85.4 1 1
rumah_resep/api/controllers/recipesCategories/recipesCategories.go:89.16,95.3 1 0
rumah_resep/api/controllers/recipes/recipes.go:32.76,36.2 1 1
rumah_resep/api/controllers/recipes/recipes.go:38.82,40.16 2 1
rumah_resep/api/controllers/recipes/recipes.go:48.2,53.4 1 1
rumah_resep/api/controllers/recipes/recipes.go:40.16,46.3 1 0
rumah_resep/api/controllers/recipes/recipes.go:56.83,58.16 2 1
rumah_resep/api/controllers/recipes/recipes.go:66.2,67.16 2 1
rumah_resep/api/controllers/recipes/recipes.go:75.2,80.4 1 1
rumah_resep/api/controllers/recipes/recipes.go:58.16,64.3 1 1
rumah_resep/api/controllers/recipes/recipes.go:67.16,73.3 1 1
rumah_resep/api/controllers/recipes/recipes.go:83.82,86.21 2 1
rumah_resep/api/controllers/recipes/recipes.go:94.2,101.23 4 1
rumah_resep/api/controllers/recipes/recipes.go:109.2,110.16 2 1
rumah_resep/api/controllers/recipes/recipes.go:118.2,123.4 1 1
rumah_resep/api/controllers/recipes/recipes.go:86.21,92.3 1 1
rumah_resep/api/controllers/recipes/recipes.go:101.23,107.3 1 1
rumah_resep/api/controllers/recipes/recipes.go:110.16,116.3 1 0
rumah_resep/api/controllers/recipes/recipes.go:126.82,129.21 2 1
rumah_resep/api/controllers/recipes/recipes.go:137.2,138.16 2 1
rumah_resep/api/controllers/recipes/recipes.go:146.2,153.23 4 1
rumah_resep/api/controllers/recipes/recipes.go:161.2,162.16 2 1
rumah_resep/api/controllers/recipes/recipes.go:170.2,175.4 1 1
rumah_resep/api/controllers/recipes/recipes.go:129.21,135.3 1 1
rumah_resep/api/controllers/recipes/recipes.go:138.16,144.3 1 1
rumah_resep/api/controllers/recipes/recipes.go:153.23,159.3 1 1
rumah_resep/api/controllers/recipes/recipes.go:162.16,168.3 1 1
rumah_resep/api/controllers/recipes/recipes.go:178.82,181.21 2 1
rumah_resep/api/controllers/recipes/recipes.go:189.2,190.16 2 1
rumah_resep/api/controllers/recipes/recipes.go:198.2,198.67 1 1
rumah_resep/api/controllers/recipes/recipes.go:206.2,210.4 1 1
rumah_resep/api/controllers/recipes/recipes.go:181.21,187.3 1 1
rumah_resep/api/controllers/recipes/recipes.go:190.16,196.3 1 1
rumah_resep/api/controllers/recipes/recipes.go:198.67,204.3 1 1
rumah_resep/api/controllers/recipesCategories/recipesCategories.go:22.67,28.2 1 1
rumah_resep/api/controllers/recipesCategories/recipesCategories.go:30.100,32.21 2 1
rumah_resep/api/controllers/recipesCategories/recipesCategories.go:40.2,48.64 4 1
rumah_resep/api/controllers/recipesCategories/recipesCategories.go:56.2,57.16 2 1
rumah_resep/api/controllers/recipesCategories/recipesCategories.go:65.2,70.4 1 1
rumah_resep/api/controllers/recipesCategories/recipesCategories.go:32.21,38.3 1 1
rumah_resep/api/controllers/recipesCategories/recipesCategories.go:48.64,54.3 1 1
rumah_resep/api/controllers/recipesCategories/recipesCategories.go:57.16,63.3 1 0
rumah_resep/api/controllers/recipesCategories/recipesCategories.go:74.102,77.31 3 1
rumah_resep/api/controllers/recipesCategories/recipesCategories.go:88.2,89.16 2 1
rumah_resep/api/controllers/recipesCategories/recipesCategories.go:96.2,101.4 1 1
rumah_resep/api/controllers/recipesCategories/recipesCategories.go:77.31,79.17 2 1
rumah_resep/api/controllers/recipesCategories/recipesCategories.go:86.3,86.45 1 1
rumah_resep/api/controllers/recipesCategories/recipesCategories.go:79.17,85.4 1 1
rumah_resep/api/controllers/recipesCategories/recipesCategories.go:89.16,95.3 1 0
rumah_resep/api/controllers/stocks/stock.go:17.72,22.2 1 1
rumah_resep/api/controllers/stocks/stock.go:24.86,27.22 2 1
rumah_resep/api/controllers/stocks/stock.go:35.2,39.16 4 1
rumah_resep/api/controllers/stocks/stock.go:47.2,52.25 2 1
rumah_resep/api/controllers/stocks/stock.go:60.2,61.16 2 1
rumah_resep/api/controllers/stocks/stock.go:69.2,74.4 1 1
rumah_resep/api/controllers/stocks/stock.go:27.22,33.3 1 1
rumah_resep/api/controllers/stocks/stock.go:39.16,45.3 1 1
rumah_resep/api/controllers/stocks/stock.go:52.25,58.3 1 1
rumah_resep/api/controllers/stocks/stock.go:61.16,67.3 1 0
rumah_resep/api/controllers/stocks/stock.go:78.80,81.22 2 1
rumah_resep/api/controllers/stocks/stock.go:89.2,93.16 4 1
rumah_resep/api/controllers/stocks/stock.go:101.2,106.25 2 1
rumah_resep/api/controllers/stocks/stock.go:114.2,115.16 2 1
rumah_resep/api/controllers/stocks/stock.go:123.2,128.4 1 1
rumah_resep/api/controllers/stocks/stock.go:81.22,87.3 1 1
rumah_resep/api/controllers/stocks/stock.go:93.16,99.3 1 1
rumah_resep/api/controllers/stocks/stock.go:106.25,112.3 1 1
rumah_resep/api/controllers/stocks/stock.go:115.16,121.3 1 0
rumah_resep/api/controllers/stocks/stock.go:131.83,134.22 2 1
rumah_resep/api/controllers/stocks/stock.go:142.2,143.77 2 1
rumah_resep/api/controllers/stocks/stock.go:151.2,152.16 2 1
rumah_resep/api/controllers/stocks/stock.go:160.2,165.4 1 1
rumah_resep/api/controllers/stocks/stock.go:134.22,140.3 1 1
rumah_resep/api/controllers/stocks/stock.go:143.77,149.3 1 1
rumah_resep/api/controllers/stocks/stock.go:152.16,158.3 1 0
rumah_resep/api/controllers/stocks/stock.go:168.82,171.22 2 1
rumah_resep/api/controllers/stocks/stock.go:179.2,186.4 2 1
rumah_resep/api/controllers/stocks/stock.go:171.22,177.3 1 1
rumah_resep/api/controllers/transactions/transactions.go:36.152,42.2 1 1
rumah_resep/api/controllers/transactions/transactions.go:44.82,47.24 2 1
rumah_resep/api/controllers/transactions/transactions.go:55.2,56.16 2 1
rumah_resep/api/controllers/transactions/transactions.go:64.2,69.4 1 1
rumah_resep/api/controllers/transactions/transactions.go:47.24,53.3 1 1
rumah_resep/api/controllers/transactions/transactions.go:56.16,62.3 1 0
rumah_resep/api/controllers/transactions/transactions.go:72.82,75.24 2 1
rumah_resep/api/controllers/transactions/transactions.go:83.2,84.16 2 1
rumah_resep/api/controllers/transactions/transactions.go:92.2,93.16 2 1
rumah_resep/api/controllers/transactions/transactions.go:101.2,102.16 2 1
rumah_resep/api/controllers/transactions/transactions.go:110.2,111.16 2 1
rumah_resep/api/controllers/transactions/transactions.go:119.2,133.38 4 1
rumah_resep/api/controllers/transactions/transactions.go:141.2,148.4 2 1
rumah_resep/api/controllers/transactions/transactions.go:75.24,81.3 1 1
rumah_resep/api/controllers/transactions/transactions.go:84.16,90.3 1 0
rumah_resep/api/controllers/transactions/transactions.go:93.16,99.3 1 0
rumah_resep/api/controllers/transactions/transactions.go:102.16,108.3 1 0
rumah_resep/api/controllers/transactions/transactions.go:111.16,117.3 1 1
rumah_resep/api/controllers/transactions/transactions.go:133.38,139.3 1 1
