mode: set
rumah_resep/api/controllers/recipesCategories/recipesCategories.go:22.67,28.2 1 1
rumah_resep/api/controllers/recipesCategories/recipesCategories.go:38.100,40.50 2 1
rumah_resep/api/controllers/recipesCategories/recipesCategories.go:48.2,53.16 3 1
rumah_resep/api/controllers/recipesCategories/recipesCategories.go:61.2,65.4 1 1
rumah_resep/api/controllers/recipesCategories/recipesCategories.go:40.50,46.3 1 0
rumah_resep/api/controllers/recipesCategories/recipesCategories.go:53.16,59.3 1 0
rumah_resep/api/controllers/recipesCategories/recipesCategories.go:69.102,72.31 3 1
rumah_resep/api/controllers/recipesCategories/recipesCategories.go:76.2,78.16 3 1
rumah_resep/api/controllers/recipesCategories/recipesCategories.go:85.2,90.4 1 1
rumah_resep/api/controllers/recipesCategories/recipesCategories.go:72.31,75.3 2 1
rumah_resep/api/controllers/recipesCategories/recipesCategories.go:78.16,84.3 1 0
